Start testing: Nov 19 16:49 W. Europe Standard Time
----------------------------------------------------------
8/8 Testing: UT__Component_Test__SaveData_Succ.validData
8/8 Test: UT__Component_Test__SaveData_Succ.validData
Command: "D:/my_project/build/component_test.exe" "--gtest_filter=UT__Component_Test__SaveData_Succ.validData" "--gtest_also_run_disabled_tests"
Directory: D:/my_project/build
"UT__Component_Test__SaveData_Succ.validData" start time: Nov 19 16:49 W. Europe Standard Time
Output:
----------------------------------------------------------
Running main() from D:\my_project\build\_deps\googletest-src\googletest\src\gtest_main.cc
Note: Google Test filter = UT__Component_Test__SaveData_Succ.validData
[==========] Running 1 test from 1 test suite.
[----------] Global test environment set-up.
[----------] 1 test from UT__Component_Test__SaveData_Succ
[ RUN      ] UT__Component_Test__SaveData_Succ.validData
[       OK ] UT__Component_Test__SaveData_Succ.validData (0 ms)
[----------] 1 test from UT__Component_Test__SaveData_Succ (0 ms total)

[----------] Global test environment tear-down
[==========] 1 test from 1 test suite ran. (0 ms total)
[  PASSED  ] 1 test.
<end of output>
Test time =   0.01 sec
----------------------------------------------------------
Test Passed.
"UT__Component_Test__SaveData_Succ.validData" end time: Nov 19 16:49 W. Europe Standard Time
"UT__Component_Test__SaveData_Succ.validData" time elapsed: 00:00:00
----------------------------------------------------------

End testing: Nov 19 16:49 W. Europe Standard Time
