<?xml version="1.0" encoding="UTF-8"?>
<Site BuildName="(empty)"
	BuildStamp="20241119-0957-Experimental"
	Name="(empty)"
	Generator="ctest-3.22.2"
	CompilerName=""
	CompilerVersion=""
	OSName="Windows"
	Hostname="SE01179NB"
	OSRelease=" Professional"
	OSVersion=" (Build 22631)"
	OSPlatform="x86"
	Is64Bits="1"
	VendorString="GenuineIntel"
	VendorID="Intel Corporation"
	FamilyID="6"
	ModelID="13"
	ProcessorCacheSize="-1"
	NumberOfLogicalCPU="16"
	NumberOfPhysicalCPU="8"
	TotalVirtualMemory="74967"
	TotalPhysicalMemory="65239"
	LogicalProcessorsPerPhysical="2"
	ProcessorClockFrequency="2496"
	>
	<Testing>
		<StartDateTime>Nov 19 16:49 W. Europe Standard Time</StartDateTime>
		<StartTestTime>1732031391</StartTestTime>
		<TestList>
			<Test>./UT__Component_Test__SaveData_Succ.validData</Test>
		</TestList>
		<Test Status="passed">
			<Name>UT__Component_Test__SaveData_Succ.validData</Name>
			<Path>.</Path>
			<FullName>./UT__Component_Test__SaveData_Succ.validData</FullName>
			<FullCommandLine>D:\my_project\build\component_test.exe "--gtest_filter=UT__Component_Test__SaveData_Succ.validData" "--gtest_also_run_disabled_tests"</FullCommandLine>
			<Results>
				<NamedMeasurement type="numeric/double" name="Execution Time">
					<Value>0.0101459</Value>
				</NamedMeasurement>
				<NamedMeasurement type="numeric/double" name="Processors">
					<Value>1</Value>
				</NamedMeasurement>
				<NamedMeasurement type="text/string" name="Completion Status">
					<Value>Completed</Value>
				</NamedMeasurement>
				<NamedMeasurement type="text/string" name="Command Line">
					<Value>D:\my_project\build\component_test.exe "--gtest_filter=UT__Component_Test__SaveData_Succ.validData" "--gtest_also_run_disabled_tests"</Value>
				</NamedMeasurement>
				<NamedMeasurement type="text/string" name="Environment">
					<Value>#CTEST_RESOURCE_GROUP_COUNT=</Value>
				</NamedMeasurement>
				<Measurement>
					<Value encoding="base64" compression="gzip">eJylUU1rwzAMvftX6NgcErZroYexjh4K3UjaUxKM66jBwx/BVjL27xcnpbSDsZW9k4Skp6envLdW2RaMUHaRwMk7A+tlZT555907SqqOvdJNxRvsQtU612okDJQGL6/SakpjxCNTJiXbOcIlbKYW2I8VOClN6GEFhz3nz850zqIlHmucF2LAtSDBi17KbBBaNTFl5eqCGvKz2kegiTCqPcehV4QZK9MLathodxR6rqMdlHfWjBshIKV99635mvNXgayE/LCDCfV998xD8Lq9bxAWD2BC8g/NMwOQI6ET9jenCIVPG/dhb//wk//ghc1u94z3vj0Vxcs6GjX3ZuwLTHbSGg==</Value>
				</Measurement>
			</Results>
		</Test>
		<EndDateTime>Nov 19 16:49 W. Europe Standard Time</EndDateTime>
		<EndTestTime>1732031391</EndTestTime>
		<ElapsedMinutes>0</ElapsedMinutes>
	</Testing>
</Site>
